info: Jul-01-2021 15:08:53: 	Connexion a mongodb
info: Jul-01-2021 15:10:15: 	Connexion a mongodb
info: Jul-01-2021 15:10:15: 	Connexion a SQL Server
info: Jul-01-2021 15:10:53: 	Connexion a mongodb
info: Jul-01-2021 15:10:53: 	Connexion a SQL Server
info: Jul-01-2021 15:11:14: 	User gurvan.seveno@gmail.com (role:[object SequelizeInstance:User]) connected from tech
info: Jul-01-2021 15:11:31: 	Connexion a mongodb
info: Jul-01-2021 15:11:31: 	Connexion a SQL Server
info: Jul-01-2021 15:12:51: 	Connexion a mongodb
info: Jul-01-2021 15:12:51: 	Connexion a SQL Server
info: Jul-01-2021 15:14:07: 	Connexion a mongodb
info: Jul-01-2021 15:14:07: 	Connexion a SQL Server
info: Jul-01-2021 15:14:21: 	Connexion a mongodb
info: Jul-01-2021 15:14:21: 	Connexion a SQL Server
info: Jul-01-2021 15:14:30: 	Connexion a mongodb
info: Jul-01-2021 15:14:30: 	Connexion a SQL Server
info: Jul-01-2021 15:15:19: 	Connexion a mongodb
info: Jul-01-2021 15:15:19: 	Connexion a SQL Server
info: Jul-01-2021 15:16:23: 	Connexion a mongodb
info: Jul-01-2021 15:16:23: 	Connexion a SQL Server
info: Jul-01-2021 15:16:57: 	Connexion a mongodb
info: Jul-01-2021 15:16:57: 	Connexion a SQL Server
info: Jul-01-2021 15:17:13: 	Connexion a mongodb
info: Jul-01-2021 15:17:14: 	Connexion a SQL Server
info: Jul-01-2021 15:17:25: 	Connexion a mongodb
info: Jul-01-2021 15:17:25: 	Connexion a SQL Server
info: Jul-01-2021 15:17:33: 	Connexion a mongodb
info: Jul-01-2021 15:17:34: 	Connexion a SQL Server
info: Jul-01-2021 15:17:44: 	Connexion a mongodb
info: Jul-01-2021 15:17:44: 	Connexion a SQL Server
info: Jul-01-2021 15:19:42: 	Connexion a mongodb
info: Jul-01-2021 15:19:42: 	Connexion a SQL Server
info: Jul-01-2021 15:23:56: 	Connexion a mongodb
info: Jul-01-2021 15:23:56: 	Connexion a SQL Server
info: Jul-01-2021 15:26:06: 	Connexion a mongodb
info: Jul-01-2021 15:26:06: 	Connexion a SQL Server
info: Jul-01-2021 15:26:12: 	Connexion a mongodb
info: Jul-01-2021 15:26:12: 	Connexion a SQL Server
info: Jul-01-2021 15:26:16: 	Connexion a mongodb
info: Jul-01-2021 15:26:16: 	Connexion a SQL Server
info: Jul-01-2021 15:26:47: 	Connexion a mongodb
info: Jul-01-2021 15:26:47: 	Connexion a SQL Server
info: Jul-01-2021 15:26:53: 	Connexion a mongodb
info: Jul-01-2021 15:26:53: 	Connexion a SQL Server
info: Jul-01-2021 15:27:13: 	Connexion a mongodb
info: Jul-01-2021 15:27:14: 	Connexion a SQL Server
info: Jul-01-2021 15:27:18: 	Connexion a mongodb
info: Jul-01-2021 15:27:18: 	Connexion a SQL Server
info: Jul-01-2021 15:27:30: 	Connexion a mongodb
info: Jul-01-2021 15:27:30: 	Connexion a SQL Server
info: Jul-01-2021 15:27:35: 	Connexion a mongodb
info: Jul-01-2021 15:27:35: 	Connexion a SQL Server
info: Jul-01-2021 15:27:41: 	Connexion a mongodb
info: Jul-01-2021 15:27:41: 	Connexion a SQL Server
info: Jul-01-2021 15:27:49: 	Connexion a mongodb
info: Jul-01-2021 15:27:49: 	Connexion a SQL Server
info: Jul-01-2021 15:28:35: 	Connexion a mongodb
info: Jul-01-2021 15:28:35: 	Connexion a SQL Server
info: Jul-01-2021 15:29:56: 	Connexion a mongodb
info: Jul-01-2021 15:29:56: 	Connexion a SQL Server
info: Jul-01-2021 15:30:02: 	Connexion a mongodb
info: Jul-01-2021 15:30:02: 	Connexion a SQL Server
info: Jul-01-2021 15:30:05: 	Connexion a mongodb
info: Jul-01-2021 15:30:05: 	Connexion a SQL Server
info: Jul-01-2021 15:30:14: 	Connexion a mongodb
info: Jul-01-2021 15:30:14: 	Connexion a SQL Server
info: Jul-01-2021 15:30:22: 	Connexion a mongodb
info: Jul-01-2021 15:30:22: 	Connexion a SQL Server
info: Jul-01-2021 15:30:57: 	Connexion a mongodb
info: Jul-01-2021 15:30:57: 	Connexion a SQL Server
info: Jul-01-2021 15:32:46: 	Connexion a mongodb
info: Jul-01-2021 15:32:46: 	Connexion a SQL Server
info: Jul-01-2021 15:36:14: 	Connexion a mongodb
info: Jul-01-2021 15:36:14: 	Connexion a SQL Server
info: Jul-01-2021 15:36:51: 	Connexion a mongodb
info: Jul-01-2021 15:36:51: 	Erreur de connexion a SQL Server
error: Jul-01-2021 15:36:51: 	undefined
info: Jul-01-2021 15:37:47: 	Connexion a mongodb
info: Jul-01-2021 15:37:48: 	Connexion a SQL Server
info: Jul-01-2021 15:37:57: 	Connexion a mongodb
info: Jul-01-2021 15:37:57: 	Connexion a SQL Server
info: Jul-01-2021 15:38:30: 	Connexion a mongodb
info: Jul-01-2021 15:38:30: 	Connexion a SQL Server
info: Jul-01-2021 15:38:38: 	Connexion a mongodb
info: Jul-01-2021 15:38:38: 	Connexion a SQL Server
info: Jul-01-2021 15:38:42: 	Connexion a mongodb
info: Jul-01-2021 15:38:42: 	Connexion a SQL Server
info: Jul-01-2021 15:38:48: 	Connexion a mongodb
info: Jul-01-2021 15:38:48: 	Connexion a SQL Server
info: Jul-01-2021 15:38:56: 	Connexion a mongodb
info: Jul-01-2021 15:38:56: 	Connexion a SQL Server
info: Jul-01-2021 15:39:04: 	Connexion a mongodb
info: Jul-01-2021 15:39:04: 	Connexion a SQL Server
info: Jul-01-2021 15:39:07: 	Connexion a mongodb
info: Jul-01-2021 15:39:07: 	Connexion a SQL Server
info: Jul-01-2021 15:39:12: 	Connexion a mongodb
info: Jul-01-2021 15:39:12: 	Connexion a SQL Server
info: Jul-01-2021 15:39:20: 	Connexion a mongodb
info: Jul-01-2021 15:39:20: 	Connexion a SQL Server
info: Jul-01-2021 15:39:25: 	Connexion a mongodb
info: Jul-01-2021 15:39:25: 	Connexion a SQL Server
info: Jul-01-2021 15:39:31: 	Connexion a mongodb
info: Jul-01-2021 15:39:31: 	Connexion a SQL Server
info: Jul-01-2021 15:39:35: 	Connexion a mongodb
info: Jul-01-2021 15:39:35: 	Connexion a SQL Server
info: Jul-01-2021 15:39:38: 	Connexion a mongodb
info: Jul-01-2021 15:39:38: 	Connexion a SQL Server
info: Jul-01-2021 15:41:34: 	Connexion a mongodb
info: Jul-01-2021 15:41:34: 	Connexion a SQL Server
info: Jul-01-2021 15:44:41: 	Connexion a mongodb
info: Jul-01-2021 15:44:41: 	Connexion a SQL Server
info: Jul-01-2021 15:44:59: 	User gurvan.seveno@gmail.com (role:5) connected from tech
info: Jul-01-2021 15:49:16: 	Connexion a mongodb
info: Jul-01-2021 15:49:16: 	Connexion a SQL Server
info: Jul-01-2021 16:00:32: 	Connexion a mongodb
info: Jul-01-2021 16:00:32: 	Connexion a SQL Server
info: Jul-01-2021 16:01:15: 	Connexion a mongodb
info: Jul-01-2021 16:01:15: 	Connexion a SQL Server
info: Jul-01-2021 16:01:37: 	Connexion a mongodb
info: Jul-01-2021 16:01:37: 	Connexion a SQL Server
info: Jul-01-2021 16:03:17: 	Connexion a mongodb
info: Jul-01-2021 16:03:17: 	Connexion a SQL Server
info: Jul-01-2021 16:06:07: 	Connexion a mongodb
info: Jul-01-2021 16:06:07: 	Connexion a SQL Server
info: Jul-01-2021 16:07:49: 	Connexion a mongodb
info: Jul-01-2021 16:07:50: 	Connexion a SQL Server
info: Jul-01-2021 16:08:30: 	Connexion a mongodb
info: Jul-01-2021 16:08:30: 	Connexion a SQL Server
info: Jul-01-2021 16:12:17: 	User g.sev@test.fr (role:6) connected from dev
info: Jul-01-2021 16:36:50: 	Connexion a mongodb
info: Jul-01-2021 16:36:50: 	Connexion a SQL Server
error: Jul-01-2021 16:41:25: 	User g.sev@test.fr) tried to connect from dev with incorrect mail
info: Jul-01-2021 17:08:34: 	Connexion a mongodb
info: Jul-01-2021 17:08:34: 	Connexion a SQL Server
info: Jul-01-2021 17:50:14: 	User michel.dumas@test.fr (role:2) connected from restaurant
info: Jul-01-2021 17:52:55: 	User pauline.pauquet@test.fr (role:0) connected from client
info: Jul-01-2021 17:56:11: 	Connexion a mongodb
info: Jul-01-2021 17:56:11: 	Connexion a SQL Server
info: Jul-01-2021 17:58:05: 	User armand.bucas@test.fr (role:1) connected from delivery
info: Jul-01-2021 18:03:06: 	Connexion a mongodb
info: Jul-01-2021 18:03:06: 	Connexion a SQL Server
info: Jul-01-2021 18:05:00: 	Connexion a mongodb
info: Jul-01-2021 18:05:00: 	Connexion a SQL Server
info: Jul-01-2021 18:06:17: 	User gurvan.seveno@gmail.com (role:5) connected from com
info: Jul-01-2021 18:08:50: 	User g.sev@test.fr (role:6) connected from dev
info: Jul-01-2021 18:09:07: 	User gurvan.seveno@gmail.com (role:5) connected from tech
info: Jul-02-2021 09:08:42: 	Connexion a mongodb
info: Jul-02-2021 09:08:43: 	Connexion a SQL Server
info: Jul-02-2021 09:21:58: 	User jean.jones@contact.fr (role:2) connected from restaurant
info: Jul-02-2021 09:26:03: 	User guillaume.colombel@gmail.com (role:0) connected from client
info: Jul-02-2021 09:27:37: 	User thomas.lgd@test.fr (role:1) connected from delivery
info: Jul-02-2021 09:28:48: 	User gurvan.seveno@gmail.com (role:5) connected from com
info: Jul-02-2021 09:29:56: 	User gurvan.seveno@gmail.com (role:5) connected from tech
info: Jul-02-2021 09:30:39: 	User louis.morino@test.fr (role:6) connected from dev
info: Jul-02-2021 10:52:26: 	User gurvan.seveno@gmail.com (role:5) connected from com
error: Jul-02-2021 10:57:02: 	User thomas.lgd@test.fr) tried to connect from delivery while being blocked
error: Jul-02-2021 10:57:12: 	User thomas.lgd@test.fr) tried to connect from delivery while being blocked
info: Jul-02-2021 10:58:04: 	User thomas.lgd@test.fr (role:1) connected from delivery
info: Jul-02-2021 11:03:26: 	User francois.biron@viacesi.fr (role:0) connected from client
info: Jul-02-2021 14:04:50: 	User john.doe@contact.fr (role:2) connected from restaurant
info: Jul-02-2021 14:10:03: 	User kevin.roncin@viacesi.fr (role:0) connected from client
info: Jul-02-2021 14:11:27: 	User gurvan.seveno@gmail.com (role:5) connected from delivery
info: Jul-02-2021 14:16:53: 	User gurvan.seveno@gmail.com (role:5) connected from dev
info: Jul-02-2021 14:17:40: 	User gurvan.seveno@gmail.com (role:5) connected from tech
